<?xml version="1.0" encoding="UTF-8"?>
<!-- Generated by org.testng.reporters.JUnitReportReporter -->
<testsuite hostname="DESKTOP-FO9V856" failures="0" tests="2" name="SarthakDomain.SubmitOrderTest" time="21.783" errors="0" timestamp="2024-05-28T00:25:21 IST" skipped="0">
  <testcase classname="SarthakDomain.SubmitOrderTest" name="name" time="4.908"/>
  <testcase classname="SarthakDomain.SubmitOrderTest" name="submitOrder" time="16.875"/>
</testsuite> <!-- SarthakDomain.SubmitOrderTest -->
